1000 22088164.000000 45.273116
1000 4530293.000000 220.736275
1000 4586008.000000 218.054569
1000 46696073.000000 21.415077
1000 47767321.000000 20.934814
1000 20572572.000000 48.608409
kij range(100,5000,100)
100 8159.000000 122.564040
200 62911.000000 127.163771
300 123453.000000 218.706714
400 498961.000000 128.266538
500 585873.000000 213.356820
600 1009686.000000 213.927894
700 1587977.000000 215.998091
800 3784012.000000 135.306125
900 3362803.000000 216.783439
1000 4534673.000000 220.523067
1100 6161323.000000 216.025032
1200 8003423.000000 215.907619
1300 10251545.000000 214.309160
1400 12939792.000000 212.059050
1500 15866677.000000 212.709946
1600 30899639.000000 132.558183
1700 23459551.000000 209.424298
1800 26770624.000000 217.850731
1900 31470105.000000 217.952879
2000 37295709.000000 214.501888
2100 43525154.000000 212.773515
2200 50667236.000000 210.155533
2300 50728399.000000 239.845929
